ARM GAS  /tmp/cc1hLBUD.s 			page 1


   1              		.cpu cortex-m7
   2              		.eabi_attribute 28, 1
   3              		.eabi_attribute 20, 1
   4              		.eabi_attribute 21, 1
   5              		.eabi_attribute 23, 3
   6              		.eabi_attribute 24, 1
   7              		.eabi_attribute 25, 1
   8              		.eabi_attribute 26, 1
   9              		.eabi_attribute 30, 1
  10              		.eabi_attribute 34, 1
  11              		.eabi_attribute 18, 4
  12              		.file	"stm32f7xx_it.c"
  13              		.text
  14              	.Ltext0:
  15              		.cfi_sections	.debug_frame
  16              		.section	.text.NMI_Handler,"ax",%progbits
  17              		.align	1
  18              		.global	NMI_Handler
  19              		.syntax unified
  20              		.thumb
  21              		.thumb_func
  22              		.fpu fpv5-d16
  24              	NMI_Handler:
  25              	.LFB642:
  26              		.file 1 "Src/stm32f7xx_it.c"
   1:Src/stm32f7xx_it.c **** /**
   2:Src/stm32f7xx_it.c ****   ******************************************************************************
   3:Src/stm32f7xx_it.c ****   * @file    stm32f7xx_it.c
   4:Src/stm32f7xx_it.c ****   * @brief   Interrupt Service Routines.
   5:Src/stm32f7xx_it.c ****   ******************************************************************************
   6:Src/stm32f7xx_it.c ****   *
   7:Src/stm32f7xx_it.c ****   * COPYRIGHT(c) 2018 STMicroelectronics
   8:Src/stm32f7xx_it.c ****   *
   9:Src/stm32f7xx_it.c ****   * Redistribution and use in source and binary forms, with or without modification,
  10:Src/stm32f7xx_it.c ****   * are permitted provided that the following conditions are met:
  11:Src/stm32f7xx_it.c ****   *   1. Redistributions of source code must retain the above copyright notice,
  12:Src/stm32f7xx_it.c ****   *      this list of conditions and the following disclaimer.
  13:Src/stm32f7xx_it.c ****   *   2. Redistributions in binary form must reproduce the above copyright notice,
  14:Src/stm32f7xx_it.c ****   *      this list of conditions and the following disclaimer in the documentation
  15:Src/stm32f7xx_it.c ****   *      and/or other materials provided with the distribution.
  16:Src/stm32f7xx_it.c ****   *   3. Neither the name of STMicroelectronics nor the names of its contributors
  17:Src/stm32f7xx_it.c ****   *      may be used to endorse or promote products derived from this software
  18:Src/stm32f7xx_it.c ****   *      without specific prior written permission.
  19:Src/stm32f7xx_it.c ****   *
  20:Src/stm32f7xx_it.c ****   * THIS SOFTWARE IS PROVIDED BY THE COPYRIGHT HOLDERS AND CONTRIBUTORS "AS IS"
  21:Src/stm32f7xx_it.c ****   * AND ANY EXPRESS OR IMPLIED WARRANTIES, INCLUDING, BUT NOT LIMITED TO, THE
  22:Src/stm32f7xx_it.c ****   * IMPLIED WARRANTIES OF MERCHANTABILITY AND FITNESS FOR A PARTICULAR PURPOSE ARE
  23:Src/stm32f7xx_it.c ****   * DISCLAIMED. IN NO EVENT SHALL THE COPYRIGHT HOLDER OR CONTRIBUTORS BE LIABLE
  24:Src/stm32f7xx_it.c ****   * FOR ANY DIRECT, INDIRECT, INCIDENTAL, SPECIAL, EXEMPLARY, OR CONSEQUENTIAL
  25:Src/stm32f7xx_it.c ****   * DAMAGES (INCLUDING, BUT NOT LIMITED TO, PROCUREMENT OF SUBSTITUTE GOODS OR
  26:Src/stm32f7xx_it.c ****   * SERVICES; LOSS OF USE, DATA, OR PROFITS; OR BUSINESS INTERRUPTION) HOWEVER
  27:Src/stm32f7xx_it.c ****   * CAUSED AND ON ANY THEORY OF LIABILITY, WHETHER IN CONTRACT, STRICT LIABILITY,
  28:Src/stm32f7xx_it.c ****   * OR TORT (INCLUDING NEGLIGENCE OR OTHERWISE) ARISING IN ANY WAY OUT OF THE USE
  29:Src/stm32f7xx_it.c ****   * OF THIS SOFTWARE, EVEN IF ADVISED OF THE POSSIBILITY OF SUCH DAMAGE.
  30:Src/stm32f7xx_it.c ****   *
  31:Src/stm32f7xx_it.c ****   ******************************************************************************
  32:Src/stm32f7xx_it.c ****   */
ARM GAS  /tmp/cc1hLBUD.s 			page 2


  33:Src/stm32f7xx_it.c **** /* Includes ------------------------------------------------------------------*/
  34:Src/stm32f7xx_it.c **** #include "stm32f7xx.h"
  35:Src/stm32f7xx_it.c **** #include "stm32f7xx_it.h"
  36:Src/stm32f7xx_it.c **** 
  37:Src/stm32f7xx_it.c **** /* USER CODE BEGIN 0 */
  38:Src/stm32f7xx_it.c **** 
  39:Src/stm32f7xx_it.c **** /* USER CODE END 0 */
  40:Src/stm32f7xx_it.c **** 
  41:Src/stm32f7xx_it.c **** /* External variables --------------------------------------------------------*/
  42:Src/stm32f7xx_it.c **** 
  43:Src/stm32f7xx_it.c **** /******************************************************************************/
  44:Src/stm32f7xx_it.c **** /*            Cortex-M7 Processor Interruption and Exception Handlers         */ 
  45:Src/stm32f7xx_it.c **** /******************************************************************************/
  46:Src/stm32f7xx_it.c **** 
  47:Src/stm32f7xx_it.c **** /**
  48:Src/stm32f7xx_it.c **** * @brief This function handles Non maskable interrupt.
  49:Src/stm32f7xx_it.c **** */
  50:Src/stm32f7xx_it.c **** void NMI_Handler(void)
  51:Src/stm32f7xx_it.c **** {
  27              		.loc 1 51 0
  28              		.cfi_startproc
  29              		@ args = 0, pretend = 0, frame = 0
  30              		@ frame_needed = 0, uses_anonymous_args = 0
  31              		@ link register save eliminated.
  52:Src/stm32f7xx_it.c ****   /* USER CODE BEGIN NonMaskableInt_IRQn 0 */
  53:Src/stm32f7xx_it.c **** 
  54:Src/stm32f7xx_it.c ****   /* USER CODE END NonMaskableInt_IRQn 0 */
  55:Src/stm32f7xx_it.c ****   /* USER CODE BEGIN NonMaskableInt_IRQn 1 */
  56:Src/stm32f7xx_it.c **** 
  57:Src/stm32f7xx_it.c ****   /* USER CODE END NonMaskableInt_IRQn 1 */
  58:Src/stm32f7xx_it.c **** }
  32              		.loc 1 58 0
  33 0000 7047     		bx	lr
  34              		.cfi_endproc
  35              	.LFE642:
  37              		.section	.text.HardFault_Handler,"ax",%progbits
  38              		.align	1
  39              		.global	HardFault_Handler
  40              		.syntax unified
  41              		.thumb
  42              		.thumb_func
  43              		.fpu fpv5-d16
  45              	HardFault_Handler:
  46              	.LFB643:
  59:Src/stm32f7xx_it.c **** 
  60:Src/stm32f7xx_it.c **** /**
  61:Src/stm32f7xx_it.c **** * @brief This function handles Hard fault interrupt.
  62:Src/stm32f7xx_it.c **** */
  63:Src/stm32f7xx_it.c **** void HardFault_Handler(void)
  64:Src/stm32f7xx_it.c **** {
  47              		.loc 1 64 0
  48              		.cfi_startproc
  49              		@ Volatile: function does not return.
  50              		@ args = 0, pretend = 0, frame = 0
  51              		@ frame_needed = 0, uses_anonymous_args = 0
  52              		@ link register save eliminated.
  53              	.L3:
ARM GAS  /tmp/cc1hLBUD.s 			page 3


  54 0000 FEE7     		b	.L3
  55              		.cfi_endproc
  56              	.LFE643:
  58              		.section	.text.MemManage_Handler,"ax",%progbits
  59              		.align	1
  60              		.global	MemManage_Handler
  61              		.syntax unified
  62              		.thumb
  63              		.thumb_func
  64              		.fpu fpv5-d16
  66              	MemManage_Handler:
  67              	.LFB644:
  65:Src/stm32f7xx_it.c ****   /* USER CODE BEGIN HardFault_IRQn 0 */
  66:Src/stm32f7xx_it.c **** 
  67:Src/stm32f7xx_it.c ****   /* USER CODE END HardFault_IRQn 0 */
  68:Src/stm32f7xx_it.c ****   while (1)
  69:Src/stm32f7xx_it.c ****   {
  70:Src/stm32f7xx_it.c ****     /* USER CODE BEGIN W1_HardFault_IRQn 0 */
  71:Src/stm32f7xx_it.c ****     /* USER CODE END W1_HardFault_IRQn 0 */
  72:Src/stm32f7xx_it.c ****   }
  73:Src/stm32f7xx_it.c ****   /* USER CODE BEGIN HardFault_IRQn 1 */
  74:Src/stm32f7xx_it.c **** 
  75:Src/stm32f7xx_it.c ****   /* USER CODE END HardFault_IRQn 1 */
  76:Src/stm32f7xx_it.c **** }
  77:Src/stm32f7xx_it.c **** 
  78:Src/stm32f7xx_it.c **** /**
  79:Src/stm32f7xx_it.c **** * @brief This function handles Memory management fault.
  80:Src/stm32f7xx_it.c **** */
  81:Src/stm32f7xx_it.c **** void MemManage_Handler(void)
  82:Src/stm32f7xx_it.c **** {
  68              		.loc 1 82 0
  69              		.cfi_startproc
  70              		@ Volatile: function does not return.
  71              		@ args = 0, pretend = 0, frame = 0
  72              		@ frame_needed = 0, uses_anonymous_args = 0
  73              		@ link register save eliminated.
  74              	.L5:
  75 0000 FEE7     		b	.L5
  76              		.cfi_endproc
  77              	.LFE644:
  79              		.section	.text.BusFault_Handler,"ax",%progbits
  80              		.align	1
  81              		.global	BusFault_Handler
  82              		.syntax unified
  83              		.thumb
  84              		.thumb_func
  85              		.fpu fpv5-d16
  87              	BusFault_Handler:
  88              	.LFB645:
  83:Src/stm32f7xx_it.c ****   /* USER CODE BEGIN MemoryManagement_IRQn 0 */
  84:Src/stm32f7xx_it.c **** 
  85:Src/stm32f7xx_it.c ****   /* USER CODE END MemoryManagement_IRQn 0 */
  86:Src/stm32f7xx_it.c ****   while (1)
  87:Src/stm32f7xx_it.c ****   {
  88:Src/stm32f7xx_it.c ****     /* USER CODE BEGIN W1_MemoryManagement_IRQn 0 */
  89:Src/stm32f7xx_it.c ****     /* USER CODE END W1_MemoryManagement_IRQn 0 */
  90:Src/stm32f7xx_it.c ****   }
ARM GAS  /tmp/cc1hLBUD.s 			page 4


  91:Src/stm32f7xx_it.c ****   /* USER CODE BEGIN MemoryManagement_IRQn 1 */
  92:Src/stm32f7xx_it.c **** 
  93:Src/stm32f7xx_it.c ****   /* USER CODE END MemoryManagement_IRQn 1 */
  94:Src/stm32f7xx_it.c **** }
  95:Src/stm32f7xx_it.c **** 
  96:Src/stm32f7xx_it.c **** /**
  97:Src/stm32f7xx_it.c **** * @brief This function handles Pre-fetch fault, memory access fault.
  98:Src/stm32f7xx_it.c **** */
  99:Src/stm32f7xx_it.c **** void BusFault_Handler(void)
 100:Src/stm32f7xx_it.c **** {
  89              		.loc 1 100 0
  90              		.cfi_startproc
  91              		@ Volatile: function does not return.
  92              		@ args = 0, pretend = 0, frame = 0
  93              		@ frame_needed = 0, uses_anonymous_args = 0
  94              		@ link register save eliminated.
  95              	.L7:
  96 0000 FEE7     		b	.L7
  97              		.cfi_endproc
  98              	.LFE645:
 100              		.section	.text.UsageFault_Handler,"ax",%progbits
 101              		.align	1
 102              		.global	UsageFault_Handler
 103              		.syntax unified
 104              		.thumb
 105              		.thumb_func
 106              		.fpu fpv5-d16
 108              	UsageFault_Handler:
 109              	.LFB646:
 101:Src/stm32f7xx_it.c ****   /* USER CODE BEGIN BusFault_IRQn 0 */
 102:Src/stm32f7xx_it.c **** 
 103:Src/stm32f7xx_it.c ****   /* USER CODE END BusFault_IRQn 0 */
 104:Src/stm32f7xx_it.c ****   while (1)
 105:Src/stm32f7xx_it.c ****   {
 106:Src/stm32f7xx_it.c ****     /* USER CODE BEGIN W1_BusFault_IRQn 0 */
 107:Src/stm32f7xx_it.c ****     /* USER CODE END W1_BusFault_IRQn 0 */
 108:Src/stm32f7xx_it.c ****   }
 109:Src/stm32f7xx_it.c ****   /* USER CODE BEGIN BusFault_IRQn 1 */
 110:Src/stm32f7xx_it.c **** 
 111:Src/stm32f7xx_it.c ****   /* USER CODE END BusFault_IRQn 1 */
 112:Src/stm32f7xx_it.c **** }
 113:Src/stm32f7xx_it.c **** 
 114:Src/stm32f7xx_it.c **** /**
 115:Src/stm32f7xx_it.c **** * @brief This function handles Undefined instruction or illegal state.
 116:Src/stm32f7xx_it.c **** */
 117:Src/stm32f7xx_it.c **** void UsageFault_Handler(void)
 118:Src/stm32f7xx_it.c **** {
 110              		.loc 1 118 0
 111              		.cfi_startproc
 112              		@ Volatile: function does not return.
 113              		@ args = 0, pretend = 0, frame = 0
 114              		@ frame_needed = 0, uses_anonymous_args = 0
 115              		@ link register save eliminated.
 116              	.L9:
 117 0000 FEE7     		b	.L9
 118              		.cfi_endproc
 119              	.LFE646:
ARM GAS  /tmp/cc1hLBUD.s 			page 5


 121              		.section	.text.SVC_Handler,"ax",%progbits
 122              		.align	1
 123              		.global	SVC_Handler
 124              		.syntax unified
 125              		.thumb
 126              		.thumb_func
 127              		.fpu fpv5-d16
 129              	SVC_Handler:
 130              	.LFB647:
 119:Src/stm32f7xx_it.c ****   /* USER CODE BEGIN UsageFault_IRQn 0 */
 120:Src/stm32f7xx_it.c **** 
 121:Src/stm32f7xx_it.c ****   /* USER CODE END UsageFault_IRQn 0 */
 122:Src/stm32f7xx_it.c ****   while (1)
 123:Src/stm32f7xx_it.c ****   {
 124:Src/stm32f7xx_it.c ****     /* USER CODE BEGIN W1_UsageFault_IRQn 0 */
 125:Src/stm32f7xx_it.c ****     /* USER CODE END W1_UsageFault_IRQn 0 */
 126:Src/stm32f7xx_it.c ****   }
 127:Src/stm32f7xx_it.c ****   /* USER CODE BEGIN UsageFault_IRQn 1 */
 128:Src/stm32f7xx_it.c **** 
 129:Src/stm32f7xx_it.c ****   /* USER CODE END UsageFault_IRQn 1 */
 130:Src/stm32f7xx_it.c **** }
 131:Src/stm32f7xx_it.c **** 
 132:Src/stm32f7xx_it.c **** /**
 133:Src/stm32f7xx_it.c **** * @brief This function handles System service call via SWI instruction.
 134:Src/stm32f7xx_it.c **** */
 135:Src/stm32f7xx_it.c **** void SVC_Handler(void)
 136:Src/stm32f7xx_it.c **** {
 131              		.loc 1 136 0
 132              		.cfi_startproc
 133              		@ args = 0, pretend = 0, frame = 0
 134              		@ frame_needed = 0, uses_anonymous_args = 0
 135              		@ link register save eliminated.
 137:Src/stm32f7xx_it.c ****   /* USER CODE BEGIN SVCall_IRQn 0 */
 138:Src/stm32f7xx_it.c **** 
 139:Src/stm32f7xx_it.c ****   /* USER CODE END SVCall_IRQn 0 */
 140:Src/stm32f7xx_it.c ****   /* USER CODE BEGIN SVCall_IRQn 1 */
 141:Src/stm32f7xx_it.c **** 
 142:Src/stm32f7xx_it.c ****   /* USER CODE END SVCall_IRQn 1 */
 143:Src/stm32f7xx_it.c **** }
 136              		.loc 1 143 0
 137 0000 7047     		bx	lr
 138              		.cfi_endproc
 139              	.LFE647:
 141              		.section	.text.DebugMon_Handler,"ax",%progbits
 142              		.align	1
 143              		.global	DebugMon_Handler
 144              		.syntax unified
 145              		.thumb
 146              		.thumb_func
 147              		.fpu fpv5-d16
 149              	DebugMon_Handler:
 150              	.LFB648:
 144:Src/stm32f7xx_it.c **** 
 145:Src/stm32f7xx_it.c **** /**
 146:Src/stm32f7xx_it.c **** * @brief This function handles Debug monitor.
 147:Src/stm32f7xx_it.c **** */
 148:Src/stm32f7xx_it.c **** void DebugMon_Handler(void)
ARM GAS  /tmp/cc1hLBUD.s 			page 6


 149:Src/stm32f7xx_it.c **** {
 151              		.loc 1 149 0
 152              		.cfi_startproc
 153              		@ args = 0, pretend = 0, frame = 0
 154              		@ frame_needed = 0, uses_anonymous_args = 0
 155              		@ link register save eliminated.
 150:Src/stm32f7xx_it.c ****   /* USER CODE BEGIN DebugMonitor_IRQn 0 */
 151:Src/stm32f7xx_it.c **** 
 152:Src/stm32f7xx_it.c ****   /* USER CODE END DebugMonitor_IRQn 0 */
 153:Src/stm32f7xx_it.c ****   /* USER CODE BEGIN DebugMonitor_IRQn 1 */
 154:Src/stm32f7xx_it.c **** 
 155:Src/stm32f7xx_it.c ****   /* USER CODE END DebugMonitor_IRQn 1 */
 156:Src/stm32f7xx_it.c **** }
 156              		.loc 1 156 0
 157 0000 7047     		bx	lr
 158              		.cfi_endproc
 159              	.LFE648:
 161              		.section	.text.PendSV_Handler,"ax",%progbits
 162              		.align	1
 163              		.global	PendSV_Handler
 164              		.syntax unified
 165              		.thumb
 166              		.thumb_func
 167              		.fpu fpv5-d16
 169              	PendSV_Handler:
 170              	.LFB649:
 157:Src/stm32f7xx_it.c **** 
 158:Src/stm32f7xx_it.c **** /**
 159:Src/stm32f7xx_it.c **** * @brief This function handles Pendable request for system service.
 160:Src/stm32f7xx_it.c **** */
 161:Src/stm32f7xx_it.c **** void PendSV_Handler(void)
 162:Src/stm32f7xx_it.c **** {
 171              		.loc 1 162 0
 172              		.cfi_startproc
 173              		@ args = 0, pretend = 0, frame = 0
 174              		@ frame_needed = 0, uses_anonymous_args = 0
 175              		@ link register save eliminated.
 163:Src/stm32f7xx_it.c ****   /* USER CODE BEGIN PendSV_IRQn 0 */
 164:Src/stm32f7xx_it.c **** 
 165:Src/stm32f7xx_it.c ****   /* USER CODE END PendSV_IRQn 0 */
 166:Src/stm32f7xx_it.c ****   /* USER CODE BEGIN PendSV_IRQn 1 */
 167:Src/stm32f7xx_it.c **** 
 168:Src/stm32f7xx_it.c ****   /* USER CODE END PendSV_IRQn 1 */
 169:Src/stm32f7xx_it.c **** }
 176              		.loc 1 169 0
 177 0000 7047     		bx	lr
 178              		.cfi_endproc
 179              	.LFE649:
 181              		.section	.text.SysTick_Handler,"ax",%progbits
 182              		.align	1
 183              		.global	SysTick_Handler
 184              		.syntax unified
 185              		.thumb
 186              		.thumb_func
 187              		.fpu fpv5-d16
 189              	SysTick_Handler:
 190              	.LFB650:
ARM GAS  /tmp/cc1hLBUD.s 			page 7


 170:Src/stm32f7xx_it.c **** 
 171:Src/stm32f7xx_it.c **** /**
 172:Src/stm32f7xx_it.c **** * @brief This function handles System tick timer.
 173:Src/stm32f7xx_it.c **** */
 174:Src/stm32f7xx_it.c **** void SysTick_Handler(void)
 175:Src/stm32f7xx_it.c **** {
 191              		.loc 1 175 0
 192              		.cfi_startproc
 193              		@ args = 0, pretend = 0, frame = 0
 194              		@ frame_needed = 0, uses_anonymous_args = 0
 195              		@ link register save eliminated.
 176:Src/stm32f7xx_it.c ****   /* USER CODE BEGIN SysTick_IRQn 0 */
 177:Src/stm32f7xx_it.c **** 
 178:Src/stm32f7xx_it.c ****   /* USER CODE END SysTick_IRQn 0 */
 179:Src/stm32f7xx_it.c ****   
 180:Src/stm32f7xx_it.c ****   /* USER CODE BEGIN SysTick_IRQn 1 */
 181:Src/stm32f7xx_it.c **** 
 182:Src/stm32f7xx_it.c ****   /* USER CODE END SysTick_IRQn 1 */
 183:Src/stm32f7xx_it.c **** }
 196              		.loc 1 183 0
 197 0000 7047     		bx	lr
 198              		.cfi_endproc
 199              	.LFE650:
 201              		.text
 202              	.Letext0:
 203              		.file 2 "/usr/arm-none-eabi/include/machine/_default_types.h"
 204              		.file 3 "/usr/arm-none-eabi/include/sys/_stdint.h"
 205              		.file 4 "Drivers/CMSIS/Include/core_cm7.h"
 206              		.file 5 "Drivers/CMSIS/Device/ST/STM32F7xx/Include/system_stm32f7xx.h"
 207              		.file 6 "Drivers/STM32F7xx_HAL_Driver/Inc/stm32f7xx_ll_rcc.h"
 208              		.file 7 "Drivers/STM32F7xx_HAL_Driver/Inc/stm32f7xx_ll_dma.h"
ARM GAS  /tmp/cc1hLBUD.s 			page 8


DEFINED SYMBOLS
                            *ABS*:0000000000000000 stm32f7xx_it.c
     /tmp/cc1hLBUD.s:17     .text.NMI_Handler:0000000000000000 $t
     /tmp/cc1hLBUD.s:24     .text.NMI_Handler:0000000000000000 NMI_Handler
     /tmp/cc1hLBUD.s:38     .text.HardFault_Handler:0000000000000000 $t
     /tmp/cc1hLBUD.s:45     .text.HardFault_Handler:0000000000000000 HardFault_Handler
     /tmp/cc1hLBUD.s:59     .text.MemManage_Handler:0000000000000000 $t
     /tmp/cc1hLBUD.s:66     .text.MemManage_Handler:0000000000000000 MemManage_Handler
     /tmp/cc1hLBUD.s:80     .text.BusFault_Handler:0000000000000000 $t
     /tmp/cc1hLBUD.s:87     .text.BusFault_Handler:0000000000000000 BusFault_Handler
     /tmp/cc1hLBUD.s:101    .text.UsageFault_Handler:0000000000000000 $t
     /tmp/cc1hLBUD.s:108    .text.UsageFault_Handler:0000000000000000 UsageFault_Handler
     /tmp/cc1hLBUD.s:122    .text.SVC_Handler:0000000000000000 $t
     /tmp/cc1hLBUD.s:129    .text.SVC_Handler:0000000000000000 SVC_Handler
     /tmp/cc1hLBUD.s:142    .text.DebugMon_Handler:0000000000000000 $t
     /tmp/cc1hLBUD.s:149    .text.DebugMon_Handler:0000000000000000 DebugMon_Handler
     /tmp/cc1hLBUD.s:162    .text.PendSV_Handler:0000000000000000 $t
     /tmp/cc1hLBUD.s:169    .text.PendSV_Handler:0000000000000000 PendSV_Handler
     /tmp/cc1hLBUD.s:182    .text.SysTick_Handler:0000000000000000 $t
     /tmp/cc1hLBUD.s:189    .text.SysTick_Handler:0000000000000000 SysTick_Handler

NO UNDEFINED SYMBOLS
